<?xml version="1.0" encoding="UTF-8"?>
<!-- Generated by org.testng.reporters.JUnitXMLReporter -->
<testsuite hostname="Beast" ignored="0" name="Default test" tests="9" failures="0" timestamp="21 авг 2017 19:56:05 GMT" time="213.737" errors="0">
  <testcase name="findDestination" time="19.162" classname="com.epam.transavia.OneWayTicketTest"/>
  <testcase name="findBookingFlight" time="25.721" classname="com.epam.transavia.ArrivalTimeTest"/>
  <testcase name="getVideoTest" time="23.918" classname="com.epam.transavia.VideoLinkTest"/>
  <testcase name="checkFlight" time="21.036" classname="com.epam.transavia.CheckMultipleFlightTest"/>
  <testcase name="doCompareSumAndAmount" time="23.906" classname="com.epam.transavia.SumAndAmountTest"/>
  <testcase name="findFlight" time="16.944" classname="com.epam.transavia.LowCostTicketTest"/>
  <testcase name="doFly" time="14.317" classname="com.epam.transavia.SingleFlyTest"/>
  <testcase name="findFlightFromDubai" time="13.384" classname="com.epam.transavia.FindFlightFromDubaiTest"/>
  <testcase name="buyTicketsTest" time="25.742" classname="com.epam.transavia.TotalSumTicketsTest"/>
</testsuite> <!-- Default test -->
