<?xml version="1.0" encoding="UTF-8"?>
<!-- Generated by org.testng.reporters.JUnitXMLReporter -->
<testsuite hostname="Beast" ignored="0" name="Default test" tests="9" failures="0" timestamp="21 авг 2017 07:55:38 GMT" time="193.139" errors="0">
  <testcase name="findDestination" time="22.953" classname="com.epam.transavia.OneWayTicketTest"/>
  <testcase name="findBookingFlight" time="16.013" classname="com.epam.transavia.ArrivalTimeTest"/>
  <testcase name="getVideoTest" time="12.079" classname="com.epam.transavia.VideoLinkTest"/>
  <testcase name="checkFlight" time="19.416" classname="com.epam.transavia.CheckMultipleFlightTest"/>
  <testcase name="doCompareSumAndAmount" time="19.035" classname="com.epam.transavia.SumAndAmountTest"/>
  <testcase name="findFlight" time="14.57" classname="com.epam.transavia.LowCostTicketTest"/>
  <testcase name="doFly" time="15.88" classname="com.epam.transavia.SingleFlyTest"/>
  <testcase name="findFlightFromDubai" time="13.355" classname="com.epam.transavia.FindFlightFromDubaiTest"/>
  <testcase name="buyTicketsTest" time="27.627" classname="com.epam.transavia.TotalSumTicketsTest"/>
</testsuite> <!-- Default test -->
