<?xml version="1.0" encoding="UTF-8"?>
<!-- Generated by org.testng.reporters.JUnitXMLReporter -->
<testsuite hostname="Beast" ignored="0" name="Command line test" tests="9" failures="0" timestamp="21 авг 2017 20:04:23 GMT" time="229.495" errors="0">
  <testcase name="findBookingFlight" time="32.481" classname="com.epam.transavia.ArrivalTimeTest"/>
  <testcase name="checkFlight" time="20.49" classname="com.epam.transavia.CheckMultipleFlightTest"/>
  <testcase name="findFlightFromDubai" time="12.743" classname="com.epam.transavia.FindFlightFromDubaiTest"/>
  <testcase name="findFlight" time="15.559" classname="com.epam.transavia.LowCostTicketTest"/>
  <testcase name="findDestination" time="15.518" classname="com.epam.transavia.OneWayTicketTest"/>
  <testcase name="doFly" time="14.026" classname="com.epam.transavia.SingleFlyTest"/>
  <testcase name="doCompareSumAndAmount" time="18.874" classname="com.epam.transavia.SumAndAmountTest"/>
  <testcase name="buyTicketsTest" time="54.854" classname="com.epam.transavia.TotalSumTicketsTest"/>
  <testcase name="getVideoTest" time="15.222" classname="com.epam.transavia.VideoLinkTest"/>
</testsuite> <!-- Command line test -->
