<?xml version="1.0" encoding="UTF-8"?>
<!-- Generated by org.testng.reporters.JUnitXMLReporter -->
<testsuite hostname="Beast" ignored="0" name="Command line test" tests="9" failures="0" timestamp="21 авг 2017 08:03:03 GMT" time="206.801" errors="0">
  <testcase name="findBookingFlight" time="25.696" classname="com.epam.transavia.ArrivalTimeTest"/>
  <testcase name="checkFlight" time="20.089" classname="com.epam.transavia.CheckMultipleFlightTest"/>
  <testcase name="findFlightFromDubai" time="13.868" classname="com.epam.transavia.FindFlightFromDubaiTest"/>
  <testcase name="findFlight" time="15.299" classname="com.epam.transavia.LowCostTicketTest"/>
  <testcase name="findDestination" time="25.168" classname="com.epam.transavia.OneWayTicketTest"/>
  <testcase name="doFly" time="17.015" classname="com.epam.transavia.SingleFlyTest"/>
  <testcase name="doCompareSumAndAmount" time="17.581" classname="com.epam.transavia.SumAndAmountTest"/>
  <testcase name="buyTicketsTest" time="26.873" classname="com.epam.transavia.TotalSumTicketsTest"/>
  <testcase name="getVideoTest" time="13.288" classname="com.epam.transavia.VideoLinkTest"/>
</testsuite> <!-- Command line test -->
